<?xml version="1.0" encoding="UTF-8"?>
<!-- Generated by org.testng.reporters.JUnitReportReporter -->
<testsuite hostname="manoj-Latitude-3510" failures="0" tests="9" name="com.seleniumDocker.Test.flightreservation.VendorPortal.VendorPortalTest" time="67.774" errors="0" timestamp="2024-07-19T23:54:39 IST" skipped="0">
  <testcase classname="com.seleniumDocker.Test.flightreservation.VendorPortal.VendorPortalTest" name="logintest" time="7.886"/>
  <system-out/>
  <testcase classname="com.seleniumDocker.Test.flightreservation.VendorPortal.VendorPortalTest" name="logintest" time="7.886"/>
  <system-out/>
  <testcase classname="com.seleniumDocker.Test.flightreservation.VendorPortal.VendorPortalTest" name="logout" time="8.709"/>
  <system-out/>
  <testcase classname="com.seleniumDocker.Test.flightreservation.VendorPortal.VendorPortalTest" name="logout" time="8.788"/>
  <system-out/>
  <testcase classname="com.seleniumDocker.Test.flightreservation.VendorPortal.VendorPortalTest" name="logout" time="9.165"/>
  <system-out/>
  <testcase classname="com.seleniumDocker.Test.flightreservation.VendorPortal.VendorPortalTest" name="logintest" time="7.992"/>
  <system-out/>
  <testcase classname="com.seleniumDocker.Test.flightreservation.VendorPortal.VendorPortalTest" name="dashbaordtest" time="5.952"/>
  <system-out/>
  <testcase classname="com.seleniumDocker.Test.flightreservation.VendorPortal.VendorPortalTest" name="dashbaordtest" time="5.710"/>
  <system-out/>
  <testcase classname="com.seleniumDocker.Test.flightreservation.VendorPortal.VendorPortalTest" name="dashbaordtest" time="5.686"/>
  <system-out/>
</testsuite> <!-- com.seleniumDocker.Test.flightreservation.VendorPortal.VendorPortalTest -->
