<?xml version="1.0" encoding="UTF-8"?>
<!-- Generated by org.testng.reporters.JUnitReportReporter -->
<testsuite hostname="91b3518e92ed" failures="0" tests="12" name="com.seleniumDocker.Test.flightreservation.VendorPortal.VendorPortalTest" time="4.095" errors="3" timestamp="2024-07-19T11:14:59 GMT" skipped="9">
  <testcase classname="com.seleniumDocker.Test.flightreservation.VendorPortal.VendorPortalTest" name="logintest" time="0.000">
    <skipped/>
  </testcase> <!-- logintest -->
  <system-out/>
  <testcase classname="com.seleniumDocker.Test.flightreservation.VendorPortal.VendorPortalTest" name="logout" time="0.000">
    <skipped/>
  </testcase> <!-- logout -->
  <system-out/>
  <testcase classname="com.seleniumDocker.Test.flightreservation.VendorPortal.VendorPortalTest" name="logintest" time="0.000">
    <skipped/>
  </testcase> <!-- logintest -->
  <system-out/>
  <testcase classname="com.seleniumDocker.Test.flightreservation.VendorPortal.VendorPortalTest" name="setDriver" time="1.360">
    <error message="Could not start a new session. Possible causes are invalid address of the remote server or browser start-up failure.
Build info: version: &#039;4.1.4&#039;, revision: &#039;535d840ee2&#039;
System info: host: &#039;91b3518e92ed&#039;, ip: &#039;172.17.0.2&#039;, os.name: &#039;Linux&#039;, os.arch: &#039;amd64&#039;, os.version: &#039;5.4.0-150-generic&#039;, java.version: &#039;17.0.8.1&#039;
Driver info: org.openqa.selenium.remote.RemoteWebDriver
Command: [null, newSession {capabilities=[Capabilities {browserName: chrome, goog:chromeOptions: {args: [], extensions: []}}], desiredCapabilities=Capabilities {browserName: chrome, goog:chromeOptions: {args: [], extensions: []}}}]
Capabilities {}" type="org.openqa.selenium.SessionNotCreatedException">
      <![CDATA[org.openqa.selenium.SessionNotCreatedException: Could not start a new session. Possible causes are invalid address of the remote server or browser start-up failure.
Build info: version: '4.1.4', revision: '535d840ee2'
System info: host: '91b3518e92ed', ip: '172.17.0.2', os.name: 'Linux', os.arch: 'amd64', os.version: '5.4.0-150-generic', java.version: '17.0.8.1'
Driver info: org.openqa.selenium.remote.RemoteWebDriver
Command: [null, newSession {capabilities=[Capabilities {browserName: chrome, goog:chromeOptions: {args: [], extensions: []}}], desiredCapabilities=Capabilities {browserName: chrome, goog:chromeOptions: {args: [], extensions: []}}}]
Capabilities {}
at org.openqa.selenium.remote.RemoteWebDriver.execute(RemoteWebDriver.java:585)
at org.openqa.selenium.remote.RemoteWebDriver.startSession(RemoteWebDriver.java:248)
at org.openqa.selenium.remote.RemoteWebDriver.<init>(RemoteWebDriver.java:164)
at org.openqa.selenium.remote.RemoteWebDriver.<init>(RemoteWebDriver.java:146)
at com.seleniumDocker.BaseTest.getRemotedriver(BaseTest.java:79)
at com.seleniumDocker.BaseTest.setDriver(BaseTest.java:36)
at java.base/jdk.internal.reflect.NativeMethodAccessorImpl.invoke0(Native Method)
at java.base/jdk.internal.reflect.NativeMethodAccessorImpl.invoke(NativeMethodAccessorImpl.java:77)
at java.base/jdk.internal.reflect.DelegatingMethodAccessorImpl.invoke(DelegatingMethodAccessorImpl.java:43)
at java.base/java.lang.reflect.Method.invoke(Method.java:568)
at org.testng.internal.MethodInvocationHelper.invokeMethod(MethodInvocationHelper.java:133)
at org.testng.internal.MethodInvocationHelper.invokeMethodConsideringTimeout(MethodInvocationHelper.java:62)
at org.testng.internal.ConfigInvoker.invokeConfigurationMethod(ConfigInvoker.java:385)
at org.testng.internal.ConfigInvoker.invokeConfigurations(ConfigInvoker.java:321)
at org.testng.TestRunner.invokeTestConfigurations(TestRunner.java:637)
at org.testng.TestRunner.beforeRun(TestRunner.java:627)
at org.testng.TestRunner.run(TestRunner.java:589)
at org.testng.SuiteRunner.runTest(SuiteRunner.java:377)
at org.testng.SuiteRunner.access$000(SuiteRunner.java:28)
at org.testng.SuiteRunner$SuiteWorker.run(SuiteRunner.java:418)
at org.testng.internal.thread.ThreadUtil.lambda$execute$0(ThreadUtil.java:64)
at java.base/java.util.concurrent.FutureTask.run(FutureTask.java:264)
at java.base/java.util.concurrent.ThreadPoolExecutor.runWorker(ThreadPoolExecutor.java:1136)
at java.base/java.util.concurrent.ThreadPoolExecutor$Worker.run(ThreadPoolExecutor.java:635)
at java.base/java.lang.Thread.run(Thread.java:833)
Caused by: java.io.UncheckedIOException: java.net.ConnectException: Connection refused: localhost/127.0.0.1:4444
at org.openqa.selenium.remote.http.netty.NettyHttpHandler.makeCall(NettyHttpHandler.java:73)
at org.openqa.selenium.remote.http.AddSeleniumUserAgent.lambda$apply$0(AddSeleniumUserAgent.java:42)
at org.openqa.selenium.remote.http.Filter.lambda$andFinally$1(Filter.java:56)
at org.openqa.selenium.remote.http.netty.NettyHttpHandler.execute(NettyHttpHandler.java:49)
at org.openqa.selenium.remote.http.AddSeleniumUserAgent.lambda$apply$0(AddSeleniumUserAgent.java:42)
at org.openqa.selenium.remote.http.Filter.lambda$andFinally$1(Filter.java:56)
at org.openqa.selenium.remote.http.netty.NettyClient.execute(NettyClient.java:97)
at org.openqa.selenium.remote.tracing.TracedHttpClient.execute(TracedHttpClient.java:55)
at org.openqa.selenium.remote.ProtocolHandshake.createSession(ProtocolHandshake.java:102)
at org.openqa.selenium.remote.ProtocolHandshake.createSession(ProtocolHandshake.java:84)
at org.openqa.selenium.remote.ProtocolHandshake.createSession(ProtocolHandshake.java:62)
at org.openqa.selenium.remote.HttpCommandExecutor.execute(HttpCommandExecutor.java:156)
at org.openqa.selenium.remote.TracedCommandExecutor.execute(TracedCommandExecutor.java:51)
at org.openqa.selenium.remote.RemoteWebDriver.execute(RemoteWebDriver.java:567)
... 24 more
Caused by: java.net.ConnectException: Connection refused: localhost/127.0.0.1:4444
at org.asynchttpclient.netty.channel.NettyConnectListener.onFailure(NettyConnectListener.java:179)
at org.asynchttpclient.netty.channel.NettyChannelConnector$1.onFailure(NettyChannelConnector.java:108)
at org.asynchttpclient.netty.SimpleChannelFutureListener.operationComplete(SimpleChannelFutureListener.java:28)
at org.asynchttpclient.netty.SimpleChannelFutureListener.operationComplete(SimpleChannelFutureListener.java:20)
at io.netty.util.concurrent.DefaultPromise.notifyListener0(DefaultPromise.java:578)
at io.netty.util.concurrent.DefaultPromise.notifyListeners0(DefaultPromise.java:571)
at io.netty.util.concurrent.DefaultPromise.notifyListenersNow(DefaultPromise.java:550)
at io.netty.util.concurrent.DefaultPromise.notifyListeners(DefaultPromise.java:491)
at io.netty.util.concurrent.DefaultPromise.setValue0(DefaultPromise.java:616)
at io.netty.util.concurrent.DefaultPromise.setFailure0(DefaultPromise.java:609)
at io.netty.util.concurrent.DefaultPromise.tryFailure(DefaultPromise.java:117)
at io.netty.channel.nio.AbstractNioChannel$AbstractNioUnsafe.fulfillConnectPromise(AbstractNioChannel.java:321)
at io.netty.channel.nio.AbstractNioChannel$AbstractNioUnsafe.finishConnect(AbstractNioChannel.java:337)
at io.netty.channel.nio.NioEventLoop.processSelectedKey(NioEventLoop.java:710)
at io.netty.channel.nio.NioEventLoop.processSelectedKeysOptimized(NioEventLoop.java:658)
at io.netty.channel.nio.NioEventLoop.processSelectedKeys(NioEventLoop.java:584)
at io.netty.channel.nio.NioEventLoop.run(NioEventLoop.java:496)
at io.netty.util.concurrent.SingleThreadEventExecutor$4.run(SingleThreadEventExecutor.java:986)
at io.netty.util.internal.ThreadExecutorMap$2.run(ThreadExecutorMap.java:74)
at io.netty.util.concurrent.FastThreadLocalRunnable.run(FastThreadLocalRunnable.java:30)
... 1 more
Caused by: io.netty.channel.AbstractChannel$AnnotatedConnectException: Connection refused: localhost/127.0.0.1:4444
Caused by: java.net.ConnectException: Connection refused
at java.base/sun.nio.ch.Net.pollConnect(Native Method)
at java.base/sun.nio.ch.Net.pollConnectNow(Net.java:672)
at java.base/sun.nio.ch.SocketChannelImpl.finishConnect(SocketChannelImpl.java:946)
at io.netty.channel.socket.nio.NioSocketChannel.doFinishConnect(NioSocketChannel.java:337)
at io.netty.channel.nio.AbstractNioChannel$AbstractNioUnsafe.finishConnect(AbstractNioChannel.java:334)
at io.netty.channel.nio.NioEventLoop.processSelectedKey(NioEventLoop.java:710)
at io.netty.channel.nio.NioEventLoop.processSelectedKeysOptimized(NioEventLoop.java:658)
at io.netty.channel.nio.NioEventLoop.processSelectedKeys(NioEventLoop.java:584)
at io.netty.channel.nio.NioEventLoop.run(NioEventLoop.java:496)
at io.netty.util.concurrent.SingleThreadEventExecutor$4.run(SingleThreadEventExecutor.java:986)
at io.netty.util.internal.ThreadExecutorMap$2.run(ThreadExecutorMap.java:74)
at io.netty.util.concurrent.FastThreadLocalRunnable.run(FastThreadLocalRunnable.java:30)
at java.base/java.lang.Thread.run(Thread.java:833)
]]>
    </error>
  </testcase> <!-- setDriver -->
  <system-out/>
  <testcase classname="com.seleniumDocker.Test.flightreservation.VendorPortal.VendorPortalTest" name="dashbaordtest" time="0.000">
    <skipped/>
  </testcase> <!-- dashbaordtest -->
  <system-out/>
  <testcase classname="com.seleniumDocker.Test.flightreservation.VendorPortal.VendorPortalTest" name="setDriver" time="1.366">
    <error message="Could not start a new session. Possible causes are invalid address of the remote server or browser start-up failure.
Build info: version: &#039;4.1.4&#039;, revision: &#039;535d840ee2&#039;
System info: host: &#039;91b3518e92ed&#039;, ip: &#039;172.17.0.2&#039;, os.name: &#039;Linux&#039;, os.arch: &#039;amd64&#039;, os.version: &#039;5.4.0-150-generic&#039;, java.version: &#039;17.0.8.1&#039;
Driver info: org.openqa.selenium.remote.RemoteWebDriver
Command: [null, newSession {capabilities=[Capabilities {browserName: chrome, goog:chromeOptions: {args: [], extensions: []}}], desiredCapabilities=Capabilities {browserName: chrome, goog:chromeOptions: {args: [], extensions: []}}}]
Capabilities {}" type="org.openqa.selenium.SessionNotCreatedException">
      <![CDATA[org.openqa.selenium.SessionNotCreatedException: Could not start a new session. Possible causes are invalid address of the remote server or browser start-up failure.
Build info: version: '4.1.4', revision: '535d840ee2'
System info: host: '91b3518e92ed', ip: '172.17.0.2', os.name: 'Linux', os.arch: 'amd64', os.version: '5.4.0-150-generic', java.version: '17.0.8.1'
Driver info: org.openqa.selenium.remote.RemoteWebDriver
Command: [null, newSession {capabilities=[Capabilities {browserName: chrome, goog:chromeOptions: {args: [], extensions: []}}], desiredCapabilities=Capabilities {browserName: chrome, goog:chromeOptions: {args: [], extensions: []}}}]
Capabilities {}
at org.openqa.selenium.remote.RemoteWebDriver.execute(RemoteWebDriver.java:585)
at org.openqa.selenium.remote.RemoteWebDriver.startSession(RemoteWebDriver.java:248)
at org.openqa.selenium.remote.RemoteWebDriver.<init>(RemoteWebDriver.java:164)
at org.openqa.selenium.remote.RemoteWebDriver.<init>(RemoteWebDriver.java:146)
at com.seleniumDocker.BaseTest.getRemotedriver(BaseTest.java:79)
at com.seleniumDocker.BaseTest.setDriver(BaseTest.java:36)
at java.base/jdk.internal.reflect.NativeMethodAccessorImpl.invoke0(Native Method)
at java.base/jdk.internal.reflect.NativeMethodAccessorImpl.invoke(NativeMethodAccessorImpl.java:77)
at java.base/jdk.internal.reflect.DelegatingMethodAccessorImpl.invoke(DelegatingMethodAccessorImpl.java:43)
at java.base/java.lang.reflect.Method.invoke(Method.java:568)
at org.testng.internal.MethodInvocationHelper.invokeMethod(MethodInvocationHelper.java:133)
at org.testng.internal.MethodInvocationHelper.invokeMethodConsideringTimeout(MethodInvocationHelper.java:62)
at org.testng.internal.ConfigInvoker.invokeConfigurationMethod(ConfigInvoker.java:385)
at org.testng.internal.ConfigInvoker.invokeConfigurations(ConfigInvoker.java:321)
at org.testng.TestRunner.invokeTestConfigurations(TestRunner.java:637)
at org.testng.TestRunner.beforeRun(TestRunner.java:627)
at org.testng.TestRunner.run(TestRunner.java:589)
at org.testng.SuiteRunner.runTest(SuiteRunner.java:377)
at org.testng.SuiteRunner.access$000(SuiteRunner.java:28)
at org.testng.SuiteRunner$SuiteWorker.run(SuiteRunner.java:418)
at org.testng.internal.thread.ThreadUtil.lambda$execute$0(ThreadUtil.java:64)
at java.base/java.util.concurrent.FutureTask.run(FutureTask.java:264)
at java.base/java.util.concurrent.ThreadPoolExecutor.runWorker(ThreadPoolExecutor.java:1136)
at java.base/java.util.concurrent.ThreadPoolExecutor$Worker.run(ThreadPoolExecutor.java:635)
at java.base/java.lang.Thread.run(Thread.java:833)
Caused by: java.io.UncheckedIOException: java.net.ConnectException: Connection refused: localhost/127.0.0.1:4444
at org.openqa.selenium.remote.http.netty.NettyHttpHandler.makeCall(NettyHttpHandler.java:73)
at org.openqa.selenium.remote.http.AddSeleniumUserAgent.lambda$apply$0(AddSeleniumUserAgent.java:42)
at org.openqa.selenium.remote.http.Filter.lambda$andFinally$1(Filter.java:56)
at org.openqa.selenium.remote.http.netty.NettyHttpHandler.execute(NettyHttpHandler.java:49)
at org.openqa.selenium.remote.http.AddSeleniumUserAgent.lambda$apply$0(AddSeleniumUserAgent.java:42)
at org.openqa.selenium.remote.http.Filter.lambda$andFinally$1(Filter.java:56)
at org.openqa.selenium.remote.http.netty.NettyClient.execute(NettyClient.java:97)
at org.openqa.selenium.remote.tracing.TracedHttpClient.execute(TracedHttpClient.java:55)
at org.openqa.selenium.remote.ProtocolHandshake.createSession(ProtocolHandshake.java:102)
at org.openqa.selenium.remote.ProtocolHandshake.createSession(ProtocolHandshake.java:84)
at org.openqa.selenium.remote.ProtocolHandshake.createSession(ProtocolHandshake.java:62)
at org.openqa.selenium.remote.HttpCommandExecutor.execute(HttpCommandExecutor.java:156)
at org.openqa.selenium.remote.TracedCommandExecutor.execute(TracedCommandExecutor.java:51)
at org.openqa.selenium.remote.RemoteWebDriver.execute(RemoteWebDriver.java:567)
... 24 more
Caused by: java.net.ConnectException: Connection refused: localhost/127.0.0.1:4444
at org.asynchttpclient.netty.channel.NettyConnectListener.onFailure(NettyConnectListener.java:179)
at org.asynchttpclient.netty.channel.NettyChannelConnector$1.onFailure(NettyChannelConnector.java:108)
at org.asynchttpclient.netty.SimpleChannelFutureListener.operationComplete(SimpleChannelFutureListener.java:28)
at org.asynchttpclient.netty.SimpleChannelFutureListener.operationComplete(SimpleChannelFutureListener.java:20)
at io.netty.util.concurrent.DefaultPromise.notifyListener0(DefaultPromise.java:578)
at io.netty.util.concurrent.DefaultPromise.notifyListeners0(DefaultPromise.java:571)
at io.netty.util.concurrent.DefaultPromise.notifyListenersNow(DefaultPromise.java:550)
at io.netty.util.concurrent.DefaultPromise.notifyListeners(DefaultPromise.java:491)
at io.netty.util.concurrent.DefaultPromise.setValue0(DefaultPromise.java:616)
at io.netty.util.concurrent.DefaultPromise.setFailure0(DefaultPromise.java:609)
at io.netty.util.concurrent.DefaultPromise.tryFailure(DefaultPromise.java:117)
at io.netty.channel.nio.AbstractNioChannel$AbstractNioUnsafe.fulfillConnectPromise(AbstractNioChannel.java:321)
at io.netty.channel.nio.AbstractNioChannel$AbstractNioUnsafe.finishConnect(AbstractNioChannel.java:337)
at io.netty.channel.nio.NioEventLoop.processSelectedKey(NioEventLoop.java:710)
at io.netty.channel.nio.NioEventLoop.processSelectedKeysOptimized(NioEventLoop.java:658)
at io.netty.channel.nio.NioEventLoop.processSelectedKeys(NioEventLoop.java:584)
at io.netty.channel.nio.NioEventLoop.run(NioEventLoop.java:496)
at io.netty.util.concurrent.SingleThreadEventExecutor$4.run(SingleThreadEventExecutor.java:986)
at io.netty.util.internal.ThreadExecutorMap$2.run(ThreadExecutorMap.java:74)
at io.netty.util.concurrent.FastThreadLocalRunnable.run(FastThreadLocalRunnable.java:30)
... 1 more
Caused by: io.netty.channel.AbstractChannel$AnnotatedConnectException: Connection refused: localhost/127.0.0.1:4444
Caused by: java.net.ConnectException: Connection refused
at java.base/sun.nio.ch.Net.pollConnect(Native Method)
at java.base/sun.nio.ch.Net.pollConnectNow(Net.java:672)
at java.base/sun.nio.ch.SocketChannelImpl.finishConnect(SocketChannelImpl.java:946)
at io.netty.channel.socket.nio.NioSocketChannel.doFinishConnect(NioSocketChannel.java:337)
at io.netty.channel.nio.AbstractNioChannel$AbstractNioUnsafe.finishConnect(AbstractNioChannel.java:334)
at io.netty.channel.nio.NioEventLoop.processSelectedKey(NioEventLoop.java:710)
at io.netty.channel.nio.NioEventLoop.processSelectedKeysOptimized(NioEventLoop.java:658)
at io.netty.channel.nio.NioEventLoop.processSelectedKeys(NioEventLoop.java:584)
at io.netty.channel.nio.NioEventLoop.run(NioEventLoop.java:496)
at io.netty.util.concurrent.SingleThreadEventExecutor$4.run(SingleThreadEventExecutor.java:986)
at io.netty.util.internal.ThreadExecutorMap$2.run(ThreadExecutorMap.java:74)
at io.netty.util.concurrent.FastThreadLocalRunnable.run(FastThreadLocalRunnable.java:30)
at java.base/java.lang.Thread.run(Thread.java:833)
]]>
    </error>
  </testcase> <!-- setDriver -->
  <system-out/>
  <testcase classname="com.seleniumDocker.Test.flightreservation.VendorPortal.VendorPortalTest" name="setDriver" time="1.369">
    <error message="Could not start a new session. Possible causes are invalid address of the remote server or browser start-up failure.
Build info: version: &#039;4.1.4&#039;, revision: &#039;535d840ee2&#039;
System info: host: &#039;91b3518e92ed&#039;, ip: &#039;172.17.0.2&#039;, os.name: &#039;Linux&#039;, os.arch: &#039;amd64&#039;, os.version: &#039;5.4.0-150-generic&#039;, java.version: &#039;17.0.8.1&#039;
Driver info: org.openqa.selenium.remote.RemoteWebDriver
Command: [null, newSession {capabilities=[Capabilities {browserName: chrome, goog:chromeOptions: {args: [], extensions: []}}], desiredCapabilities=Capabilities {browserName: chrome, goog:chromeOptions: {args: [], extensions: []}}}]
Capabilities {}" type="org.openqa.selenium.SessionNotCreatedException">
      <![CDATA[org.openqa.selenium.SessionNotCreatedException: Could not start a new session. Possible causes are invalid address of the remote server or browser start-up failure.
Build info: version: '4.1.4', revision: '535d840ee2'
System info: host: '91b3518e92ed', ip: '172.17.0.2', os.name: 'Linux', os.arch: 'amd64', os.version: '5.4.0-150-generic', java.version: '17.0.8.1'
Driver info: org.openqa.selenium.remote.RemoteWebDriver
Command: [null, newSession {capabilities=[Capabilities {browserName: chrome, goog:chromeOptions: {args: [], extensions: []}}], desiredCapabilities=Capabilities {browserName: chrome, goog:chromeOptions: {args: [], extensions: []}}}]
Capabilities {}
at org.openqa.selenium.remote.RemoteWebDriver.execute(RemoteWebDriver.java:585)
at org.openqa.selenium.remote.RemoteWebDriver.startSession(RemoteWebDriver.java:248)
at org.openqa.selenium.remote.RemoteWebDriver.<init>(RemoteWebDriver.java:164)
at org.openqa.selenium.remote.RemoteWebDriver.<init>(RemoteWebDriver.java:146)
at com.seleniumDocker.BaseTest.getRemotedriver(BaseTest.java:79)
at com.seleniumDocker.BaseTest.setDriver(BaseTest.java:36)
at java.base/jdk.internal.reflect.NativeMethodAccessorImpl.invoke0(Native Method)
at java.base/jdk.internal.reflect.NativeMethodAccessorImpl.invoke(NativeMethodAccessorImpl.java:77)
at java.base/jdk.internal.reflect.DelegatingMethodAccessorImpl.invoke(DelegatingMethodAccessorImpl.java:43)
at java.base/java.lang.reflect.Method.invoke(Method.java:568)
at org.testng.internal.MethodInvocationHelper.invokeMethod(MethodInvocationHelper.java:133)
at org.testng.internal.MethodInvocationHelper.invokeMethodConsideringTimeout(MethodInvocationHelper.java:62)
at org.testng.internal.ConfigInvoker.invokeConfigurationMethod(ConfigInvoker.java:385)
at org.testng.internal.ConfigInvoker.invokeConfigurations(ConfigInvoker.java:321)
at org.testng.TestRunner.invokeTestConfigurations(TestRunner.java:637)
at org.testng.TestRunner.beforeRun(TestRunner.java:627)
at org.testng.TestRunner.run(TestRunner.java:589)
at org.testng.SuiteRunner.runTest(SuiteRunner.java:377)
at org.testng.SuiteRunner.access$000(SuiteRunner.java:28)
at org.testng.SuiteRunner$SuiteWorker.run(SuiteRunner.java:418)
at org.testng.internal.thread.ThreadUtil.lambda$execute$0(ThreadUtil.java:64)
at java.base/java.util.concurrent.FutureTask.run(FutureTask.java:264)
at java.base/java.util.concurrent.ThreadPoolExecutor.runWorker(ThreadPoolExecutor.java:1136)
at java.base/java.util.concurrent.ThreadPoolExecutor$Worker.run(ThreadPoolExecutor.java:635)
at java.base/java.lang.Thread.run(Thread.java:833)
Caused by: java.io.UncheckedIOException: java.net.ConnectException: Connection refused: localhost/127.0.0.1:4444
at org.openqa.selenium.remote.http.netty.NettyHttpHandler.makeCall(NettyHttpHandler.java:73)
at org.openqa.selenium.remote.http.AddSeleniumUserAgent.lambda$apply$0(AddSeleniumUserAgent.java:42)
at org.openqa.selenium.remote.http.Filter.lambda$andFinally$1(Filter.java:56)
at org.openqa.selenium.remote.http.netty.NettyHttpHandler.execute(NettyHttpHandler.java:49)
at org.openqa.selenium.remote.http.AddSeleniumUserAgent.lambda$apply$0(AddSeleniumUserAgent.java:42)
at org.openqa.selenium.remote.http.Filter.lambda$andFinally$1(Filter.java:56)
at org.openqa.selenium.remote.http.netty.NettyClient.execute(NettyClient.java:97)
at org.openqa.selenium.remote.tracing.TracedHttpClient.execute(TracedHttpClient.java:55)
at org.openqa.selenium.remote.ProtocolHandshake.createSession(ProtocolHandshake.java:102)
at org.openqa.selenium.remote.ProtocolHandshake.createSession(ProtocolHandshake.java:84)
at org.openqa.selenium.remote.ProtocolHandshake.createSession(ProtocolHandshake.java:62)
at org.openqa.selenium.remote.HttpCommandExecutor.execute(HttpCommandExecutor.java:156)
at org.openqa.selenium.remote.TracedCommandExecutor.execute(TracedCommandExecutor.java:51)
at org.openqa.selenium.remote.RemoteWebDriver.execute(RemoteWebDriver.java:567)
... 24 more
Caused by: java.net.ConnectException: Connection refused: localhost/127.0.0.1:4444
at org.asynchttpclient.netty.channel.NettyConnectListener.onFailure(NettyConnectListener.java:179)
at org.asynchttpclient.netty.channel.NettyChannelConnector$1.onFailure(NettyChannelConnector.java:108)
at org.asynchttpclient.netty.SimpleChannelFutureListener.operationComplete(SimpleChannelFutureListener.java:28)
at org.asynchttpclient.netty.SimpleChannelFutureListener.operationComplete(SimpleChannelFutureListener.java:20)
at io.netty.util.concurrent.DefaultPromise.notifyListener0(DefaultPromise.java:578)
at io.netty.util.concurrent.DefaultPromise.notifyListeners0(DefaultPromise.java:571)
at io.netty.util.concurrent.DefaultPromise.notifyListenersNow(DefaultPromise.java:550)
at io.netty.util.concurrent.DefaultPromise.notifyListeners(DefaultPromise.java:491)
at io.netty.util.concurrent.DefaultPromise.setValue0(DefaultPromise.java:616)
at io.netty.util.concurrent.DefaultPromise.setFailure0(DefaultPromise.java:609)
at io.netty.util.concurrent.DefaultPromise.tryFailure(DefaultPromise.java:117)
at io.netty.channel.nio.AbstractNioChannel$AbstractNioUnsafe.fulfillConnectPromise(AbstractNioChannel.java:321)
at io.netty.channel.nio.AbstractNioChannel$AbstractNioUnsafe.finishConnect(AbstractNioChannel.java:337)
at io.netty.channel.nio.NioEventLoop.processSelectedKey(NioEventLoop.java:710)
at io.netty.channel.nio.NioEventLoop.processSelectedKeysOptimized(NioEventLoop.java:658)
at io.netty.channel.nio.NioEventLoop.processSelectedKeys(NioEventLoop.java:584)
at io.netty.channel.nio.NioEventLoop.run(NioEventLoop.java:496)
at io.netty.util.concurrent.SingleThreadEventExecutor$4.run(SingleThreadEventExecutor.java:986)
at io.netty.util.internal.ThreadExecutorMap$2.run(ThreadExecutorMap.java:74)
at io.netty.util.concurrent.FastThreadLocalRunnable.run(FastThreadLocalRunnable.java:30)
... 1 more
Caused by: io.netty.channel.AbstractChannel$AnnotatedConnectException: Connection refused: localhost/127.0.0.1:4444
Caused by: java.net.ConnectException: Connection refused
at java.base/sun.nio.ch.Net.pollConnect(Native Method)
at java.base/sun.nio.ch.Net.pollConnectNow(Net.java:672)
at java.base/sun.nio.ch.SocketChannelImpl.finishConnect(SocketChannelImpl.java:946)
at io.netty.channel.socket.nio.NioSocketChannel.doFinishConnect(NioSocketChannel.java:337)
at io.netty.channel.nio.AbstractNioChannel$AbstractNioUnsafe.finishConnect(AbstractNioChannel.java:334)
at io.netty.channel.nio.NioEventLoop.processSelectedKey(NioEventLoop.java:710)
at io.netty.channel.nio.NioEventLoop.processSelectedKeysOptimized(NioEventLoop.java:658)
at io.netty.channel.nio.NioEventLoop.processSelectedKeys(NioEventLoop.java:584)
at io.netty.channel.nio.NioEventLoop.run(NioEventLoop.java:496)
at io.netty.util.concurrent.SingleThreadEventExecutor$4.run(SingleThreadEventExecutor.java:986)
at io.netty.util.internal.ThreadExecutorMap$2.run(ThreadExecutorMap.java:74)
at io.netty.util.concurrent.FastThreadLocalRunnable.run(FastThreadLocalRunnable.java:30)
at java.base/java.lang.Thread.run(Thread.java:833)
]]>
    </error>
  </testcase> <!-- setDriver -->
  <system-out/>
  <testcase classname="com.seleniumDocker.Test.flightreservation.VendorPortal.VendorPortalTest" name="logout" time="0.000">
    <skipped/>
  </testcase> <!-- logout -->
  <system-out/>
  <testcase classname="com.seleniumDocker.Test.flightreservation.VendorPortal.VendorPortalTest" name="dashbaordtest" time="0.000">
    <skipped/>
  </testcase> <!-- dashbaordtest -->
  <system-out/>
  <testcase classname="com.seleniumDocker.Test.flightreservation.VendorPortal.VendorPortalTest" name="logintest" time="0.000">
    <skipped/>
  </testcase> <!-- logintest -->
  <system-out/>
  <testcase classname="com.seleniumDocker.Test.flightreservation.VendorPortal.VendorPortalTest" name="dashbaordtest" time="0.000">
    <skipped/>
  </testcase> <!-- dashbaordtest -->
  <system-out/>
  <testcase classname="com.seleniumDocker.Test.flightreservation.VendorPortal.VendorPortalTest" name="logout" time="0.000">
    <skipped/>
  </testcase> <!-- logout -->
  <system-out/>
</testsuite> <!-- com.seleniumDocker.Test.flightreservation.VendorPortal.VendorPortalTest -->
