<?xml version="1.0" encoding="UTF-8"?>
<!-- Generated by org.testng.reporters.JUnitReportReporter -->
<testsuite hostname="c1a63f079a93" failures="0" tests="9" name="com.seleniumDocker.Test.flightreservation.VendorPortal.VendorPortalTest" time="170.529" errors="0" timestamp="2024-07-23T07:35:04 GMT" skipped="0">
  <testcase classname="com.seleniumDocker.Test.flightreservation.VendorPortal.VendorPortalTest" name="logout" time="8.040"/>
  <system-out/>
  <testcase classname="com.seleniumDocker.Test.flightreservation.VendorPortal.VendorPortalTest" name="dashbaordtest" time="8.083"/>
  <system-out/>
  <testcase classname="com.seleniumDocker.Test.flightreservation.VendorPortal.VendorPortalTest" name="logintest" time="40.756"/>
  <system-out/>
  <testcase classname="com.seleniumDocker.Test.flightreservation.VendorPortal.VendorPortalTest" name="dashbaordtest" time="8.600"/>
  <system-out/>
  <testcase classname="com.seleniumDocker.Test.flightreservation.VendorPortal.VendorPortalTest" name="logintest" time="40.444"/>
  <system-out/>
  <testcase classname="com.seleniumDocker.Test.flightreservation.VendorPortal.VendorPortalTest" name="logintest" time="40.156"/>
  <system-out/>
  <testcase classname="com.seleniumDocker.Test.flightreservation.VendorPortal.VendorPortalTest" name="logout" time="7.559"/>
  <system-out/>
  <testcase classname="com.seleniumDocker.Test.flightreservation.VendorPortal.VendorPortalTest" name="logout" time="8.723"/>
  <system-out/>
  <testcase classname="com.seleniumDocker.Test.flightreservation.VendorPortal.VendorPortalTest" name="dashbaordtest" time="8.168"/>
  <system-out/>
</testsuite> <!-- com.seleniumDocker.Test.flightreservation.VendorPortal.VendorPortalTest -->
