<?xml version="1.0" encoding="UTF-8"?>
<!-- Generated by org.testng.reporters.JUnitReportReporter -->
<testsuite hostname="a3e8b75db5dc" failures="0" tests="9" name="com.seleniumDocker.Test.flightreservation.VendorPortal.VendorPortalTest" time="187.896" errors="0" timestamp="2024-07-19T12:57:02 GMT" skipped="0">
  <testcase classname="com.seleniumDocker.Test.flightreservation.VendorPortal.VendorPortalTest" name="dashbaordtest" time="6.532"/>
  <system-out/>
  <testcase classname="com.seleniumDocker.Test.flightreservation.VendorPortal.VendorPortalTest" name="logout" time="6.982"/>
  <system-out/>
  <testcase classname="com.seleniumDocker.Test.flightreservation.VendorPortal.VendorPortalTest" name="logintest" time="41.541"/>
  <system-out/>
  <testcase classname="com.seleniumDocker.Test.flightreservation.VendorPortal.VendorPortalTest" name="dashbaordtest" time="9.379"/>
  <system-out/>
  <testcase classname="com.seleniumDocker.Test.flightreservation.VendorPortal.VendorPortalTest" name="logout" time="25.703"/>
  <system-out/>
  <testcase classname="com.seleniumDocker.Test.flightreservation.VendorPortal.VendorPortalTest" name="logintest" time="34.608"/>
  <system-out/>
  <testcase classname="com.seleniumDocker.Test.flightreservation.VendorPortal.VendorPortalTest" name="logout" time="17.347"/>
  <system-out/>
  <testcase classname="com.seleniumDocker.Test.flightreservation.VendorPortal.VendorPortalTest" name="dashbaordtest" time="11.130"/>
  <system-out/>
  <testcase classname="com.seleniumDocker.Test.flightreservation.VendorPortal.VendorPortalTest" name="logintest" time="34.674"/>
  <system-out/>
</testsuite> <!-- com.seleniumDocker.Test.flightreservation.VendorPortal.VendorPortalTest -->
